GC Heap History (20 events):
Event: 50.737 GC heap before
{Heap before GC invocations=31 (full 0):
 garbage-first heap   total 61440K, used 44683K [0x00000000a1200000, 0x0000000100000000)
  region size 1024K, 11 young (11264K), 1 survivors (1024K)
 Metaspace       used 68431K, committed 68992K, reserved 1114112K
  class space    used 9640K, committed 9920K, reserved 1048576K
}
Event: 50.741 GC heap after
{Heap after GC invocations=32 (full 0):
 garbage-first heap   total 61440K, used 36015K [0x00000000a1200000, 0x0000000100000000)
  region size 1024K, 2 young (2048K), 2 survivors (2048K)
 Metaspace       used 68431K, committed 68992K, reserved 1114112K
  class space    used 9640K, committed 9920K, reserved 1048576K
}
Event: 54.136 GC heap before
{Heap before GC invocations=32 (full 0):
 garbage-first heap   total 61440K, used 48303K [0x00000000a1200000, 0x0000000100000000)
  region size 1024K, 15 young (15360K), 2 survivors (2048K)
 Metaspace       used 70531K, committed 71168K, reserved 1114112K
  class space    used 9955K, committed 10240K, reserved 1048576K
}
Event: 54.144 GC heap after
{Heap after GC invocations=33 (full 0):
 garbage-first heap   total 61440K, used 36426K [0x00000000a1200000, 0x0000000100000000)
  region size 1024K, 2 young (2048K), 2 survivors (2048K)
 Metaspace       used 70531K, committed 71168K, reserved 1114112K
  class space    used 9955K, committed 10240K, reserved 1048576K
}
Event: 55.361 GC heap before
{Heap before GC invocations=34 (full 0):
 garbage-first heap   total 65536K, used 48714K [0x00000000a1200000, 0x0000000100000000)
  region size 1024K, 14 young (14336K), 2 survivors (2048K)
 Metaspace       used 70611K, committed 71232K, reserved 1114112K
  class space    used 9961K, committed 10240K, reserved 1048576K
}
Event: 55.368 GC heap after
{Heap after GC invocations=35 (full 0):
 garbage-first heap   total 65536K, used 36883K [0x00000000a1200000, 0x0000000100000000)
  region size 1024K, 2 young (2048K), 2 survivors (2048K)
 Metaspace       used 70611K, committed 71232K, reserved 1114112K
  class space    used 9961K, committed 10240K, reserved 1048576K
}
Event: 55.674 GC heap before
{Heap before GC invocations=35 (full 0):
 garbage-first heap   total 65536K, used 52243K [0x00000000a1200000, 0x0000000100000000)
  region size 1024K, 17 young (17408K), 2 survivors (2048K)
 Metaspace       used 70617K, committed 71232K, reserved 1114112K
  class space    used 9962K, committed 10240K, reserved 1048576K
}
Event: 55.688 GC heap after
{Heap after GC invocations=36 (full 0):
 garbage-first heap   total 65536K, used 41754K [0x00000000a1200000, 0x0000000100000000)
  region size 1024K, 3 young (3072K), 3 survivors (3072K)
 Metaspace       used 70617K, committed 71232K, reserved 1114112K
  class space    used 9962K, committed 10240K, reserved 1048576K
}
Event: 56.285 GC heap before
{Heap before GC invocations=37 (full 0):
 garbage-first heap   total 71680K, used 51994K [0x00000000a1200000, 0x0000000100000000)
  region size 1024K, 13 young (13312K), 3 survivors (3072K)
 Metaspace       used 70637K, committed 71232K, reserved 1114112K
  class space    used 9964K, committed 10240K, reserved 1048576K
}
Event: 56.298 GC heap after
{Heap after GC invocations=38 (full 0):
 garbage-first heap   total 71680K, used 44500K [0x00000000a1200000, 0x0000000100000000)
  region size 1024K, 2 young (2048K), 2 survivors (2048K)
 Metaspace       used 70637K, committed 71232K, reserved 1114112K
  class space    used 9964K, committed 10240K, reserved 1048576K
}
Event: 56.304 GC heap before
{Heap before GC invocations=38 (full 0):
 garbage-first heap   total 71680K, used 45524K [0x00000000a1200000, 0x0000000100000000)
  region size 1024K, 3 young (3072K), 2 survivors (2048K)
 Metaspace       used 70637K, committed 71232K, reserved 1114112K
  class space    used 9964K, committed 10240K, reserved 1048576K
}
Event: 56.316 GC heap after
{Heap after GC invocations=39 (full 0):
 garbage-first heap   total 71680K, used 44619K [0x00000000a1200000, 0x0000000100000000)
  region size 1024K, 1 young (1024K), 1 survivors (1024K)
 Metaspace       used 70637K, committed 71232K, reserved 1114112K
  class space    used 9964K, committed 10240K, reserved 1048576K
}
Event: 56.636 GC heap before
{Heap before GC invocations=39 (full 0):
 garbage-first heap   total 71680K, used 55883K [0x00000000a1200000, 0x0000000100000000)
  region size 1024K, 12 young (12288K), 1 survivors (1024K)
 Metaspace       used 70642K, committed 71232K, reserved 1114112K
  class space    used 9964K, committed 10240K, reserved 1048576K
}
Event: 56.651 GC heap after
{Heap after GC invocations=40 (full 0):
 garbage-first heap   total 172032K, used 49114K [0x00000000a1200000, 0x0000000100000000)
  region size 1024K, 2 young (2048K), 2 survivors (2048K)
 Metaspace       used 70642K, committed 71232K, reserved 1114112K
  class space    used 9964K, committed 10240K, reserved 1048576K
}
Event: 57.461 GC heap before
{Heap before GC invocations=41 (full 0):
 garbage-first heap   total 160768K, used 106458K [0x00000000a1200000, 0x0000000100000000)
  region size 1024K, 60 young (61440K), 2 survivors (2048K)
 Metaspace       used 70776K, committed 71424K, reserved 1114112K
  class space    used 9990K, committed 10304K, reserved 1048576K
}
Event: 57.480 GC heap after
{Heap after GC invocations=42 (full 0):
 garbage-first heap   total 160768K, used 50483K [0x00000000a1200000, 0x0000000100000000)
  region size 1024K, 6 young (6144K), 6 survivors (6144K)
 Metaspace       used 70776K, committed 71424K, reserved 1114112K
  class space    used 9990K, committed 10304K, reserved 1048576K
}
Event: 57.588 GC heap before
{Heap before GC invocations=42 (full 0):
 garbage-first heap   total 160768K, used 51507K [0x00000000a1200000, 0x0000000100000000)
  region size 1024K, 7 young (7168K), 6 survivors (6144K)
 Metaspace       used 70817K, committed 71424K, reserved 1114112K
  class space    used 9992K, committed 10304K, reserved 1048576K
}
Event: 57.600 GC heap after
{Heap after GC invocations=43 (full 0):
 garbage-first heap   total 160768K, used 50185K [0x00000000a1200000, 0x0000000100000000)
  region size 1024K, 1 young (1024K), 1 survivors (1024K)
 Metaspace       used 70817K, committed 71424K, reserved 1114112K
  class space    used 9992K, committed 10304K, reserved 1048576K
}
Event: 66.041 GC heap before
{Heap before GC invocations=43 (full 0):
 garbage-first heap   total 160768K, used 106505K [0x00000000a1200000, 0x0000000100000000)
  region size 1024K, 56 young (57344K), 1 survivors (1024K)
 Metaspace       used 75139K, committed 75776K, reserved 1114112K
  class space    used 10540K, committed 10816K, reserved 1048576K
}
Event: 66.055 GC heap after
{Heap after GC invocations=44 (full 0):
 garbage-first heap   total 160768K, used 53361K [0x00000000a1200000, 0x0000000100000000)
  region size 1024K, 4 young (4096K), 4 survivors (4096K)
 Metaspace       used 75139K, committed 75776K, reserved 1114112K
  class space    used 10540K, committed 10816K, reserved 1048576K
}

